<?xml version="1.0" encoding="UTF-8"?>
<!-- Generated by org.testng.reporters.JUnitReportReporter -->
<testsuite hostname="NCDWIN7PXD05111" name="au.wow.WLPmain.tests.WeeklyPlanning_GroupManagerApprovalTest" tests="3" failures="0" timestamp="9 Dec 2019 13:57:34 GMT" time="14.887" errors="0">
  <testcase name="GroupManagerApproval" time="9.354" classname="au.wow.WLPmain.tests.WeeklyPlanning_GroupManagerApprovalTest"/>
  <testcase name="LogoutCLRApplication" time="0.633" classname="au.wow.WLPmain.tests.WeeklyPlanning_GroupManagerApprovalTest"/>
  <testcase name="LogintoCLRApplication" time="4.900" classname="au.wow.WLPmain.tests.WeeklyPlanning_GroupManagerApprovalTest"/>
</testsuite> <!-- au.wow.WLPmain.tests.WeeklyPlanning_GroupManagerApprovalTest -->
