<?xml version="1.0" encoding="UTF-8"?>
<!-- Generated by org.testng.reporters.JUnitReportReporter -->
<testsuite hostname="NCDWIN7PXD05111" name="au.wow.WLPmain.tests.WeeklyPlanning_GroupManagerApprovalTest" tests="3" failures="0" timestamp="2 Dec 2019 17:42:30 GMT" time="127.507" errors="0">
  <testcase name="LogintoCLRApplication" time="3.857" classname="au.wow.WLPmain.tests.WeeklyPlanning_GroupManagerApprovalTest"/>
  <testcase name="GroupManagerApproval" time="123.268" classname="au.wow.WLPmain.tests.WeeklyPlanning_GroupManagerApprovalTest"/>
  <testcase name="LogoutCLRApplication" time="0.382" classname="au.wow.WLPmain.tests.WeeklyPlanning_GroupManagerApprovalTest"/>
</testsuite> <!-- au.wow.WLPmain.tests.WeeklyPlanning_GroupManagerApprovalTest -->
