<?xml version="1.0" encoding="UTF-8"?>
<!-- Generated by org.testng.reporters.JUnitReportReporter -->
<testsuite hostname="NCDWIN7PXD15324" name="au.wow.WLPmain.WeeklyTradingStatement.WeeklyTradingStatementStore" tests="17" failures="0" timestamp="5 Nov 2019 13:08:52 GMT" time="378.878" errors="0">
  <testcase name="LonglifeseafoodSalesColumnValidation" time="99.410" classname="au.wow.WLPmain.WeeklyTradingStatement.WeeklyTradingStatementStore"/>
  <testcase name="LonglifeseafoodCustomersColumnValidation" time="33.163" classname="au.wow.WLPmain.WeeklyTradingStatement.WeeklyTradingStatementStore"/>
  <testcase name="ORColumnValidationNewTable" time="0.858" classname="au.wow.WLPmain.WeeklyTradingStatement.WeeklyTradingStatementStore"/>
  <testcase name="LonglifeseafoodWagesColumnValidation" time="98.933" classname="au.wow.WLPmain.WeeklyTradingStatement.WeeklyTradingStatementStore"/>
  <testcase name="SalesColumnValidation" time="23.825" classname="au.wow.WLPmain.WeeklyTradingStatement.WeeklyTradingStatementStore"/>
  <testcase name="CPHColumnValidationNewTable" time="1.262" classname="au.wow.WLPmain.WeeklyTradingStatement.WeeklyTradingStatementStore"/>
  <testcase name="WagesColumnValidationNewTable" time="1.591" classname="au.wow.WLPmain.WeeklyTradingStatement.WeeklyTradingStatementStore"/>
  <testcase name="LonglifeseafoodItemsColumnValidation" time="44.079" classname="au.wow.WLPmain.WeeklyTradingStatement.WeeklyTradingStatementStore"/>
  <testcase name="CustomersColumnValidation" time="7.660" classname="au.wow.WLPmain.WeeklyTradingStatement.WeeklyTradingStatementStore"/>
  <testcase name="WagePercentageColumnValidationNewTable" time="1.647" classname="au.wow.WLPmain.WeeklyTradingStatement.WeeklyTradingStatementStore"/>
  <testcase name="LogoutCLRApplication" time="0.304" classname="au.wow.WLPmain.WeeklyTradingStatement.WeeklyTradingStatementStore"/>
  <testcase name="HoursColumnValidation" time="5.648" classname="au.wow.WLPmain.WeeklyTradingStatement.WeeklyTradingStatementStore"/>
  <testcase name="WagesColumnValidation" time="15.621" classname="au.wow.WLPmain.WeeklyTradingStatement.WeeklyTradingStatementStore"/>
  <testcase name="LogintoCLRApplication" time="3.793" classname="au.wow.WLPmain.WeeklyTradingStatement.WeeklyTradingStatementStore"/>
  <testcase name="ItemsColumnValidation" time="6.351" classname="au.wow.WLPmain.WeeklyTradingStatement.WeeklyTradingStatementStore"/>
  <testcase name="LonglifeseafoodHoursColumnValidation" time="33.066" classname="au.wow.WLPmain.WeeklyTradingStatement.WeeklyTradingStatementStore"/>
  <testcase name="SalesColumnValidationNewTable" time="1.667" classname="au.wow.WLPmain.WeeklyTradingStatement.WeeklyTradingStatementStore"/>
</testsuite> <!-- au.wow.WLPmain.WeeklyTradingStatement.WeeklyTradingStatementStore -->
