<?xml version="1.0" encoding="UTF-8"?>
<!-- Generated by org.testng.reporters.JUnitReportReporter -->
<testsuite hostname="NCDWIN7PXD05111" name="au.wow.WLPmain.tests.WeeklyPlanning_ZoneManagerApprovalTest" tests="3" failures="0" timestamp="9 Dec 2019 15:02:28 GMT" time="42.389" errors="0">
  <testcase name="GroupManagerApproval" time="37.926" classname="au.wow.WLPmain.tests.WeeklyPlanning_ZoneManagerApprovalTest"/>
  <testcase name="LogintoCLRApplication" time="3.855" classname="au.wow.WLPmain.tests.WeeklyPlanning_ZoneManagerApprovalTest"/>
  <testcase name="LogoutCLRApplication" time="0.608" classname="au.wow.WLPmain.tests.WeeklyPlanning_ZoneManagerApprovalTest"/>
</testsuite> <!-- au.wow.WLPmain.tests.WeeklyPlanning_ZoneManagerApprovalTest -->
