<?xml version="1.0" encoding="UTF-8"?>
<!-- Generated by org.testng.reporters.JUnitReportReporter -->
<testsuite hostname="NCDWIN7PXD15324" name="au.wow.WLPmain.WeeklyTradingStatement.WeeklyTradingStatementZone" tests="12" failures="0" timestamp="7 Nov 2019 10:16:11 GMT" time="268.482" errors="0">
  <testcase name="ORColumnValidationNewTable" time="7.446" classname="au.wow.WLPmain.WeeklyTradingStatement.WeeklyTradingStatementZone"/>
  <testcase name="ItemsColumnValidation" time="10.570" classname="au.wow.WLPmain.WeeklyTradingStatement.WeeklyTradingStatementZone"/>
  <testcase name="CPHColumnValidationNewTable" time="2.739" classname="au.wow.WLPmain.WeeklyTradingStatement.WeeklyTradingStatementZone"/>
  <testcase name="WagesColumnValidation" time="11.479" classname="au.wow.WLPmain.WeeklyTradingStatement.WeeklyTradingStatementZone"/>
  <testcase name="LogintoCLRApplication" time="3.679" classname="au.wow.WLPmain.WeeklyTradingStatement.WeeklyTradingStatementZone"/>
  <testcase name="LogoutCLRApplication" time="0.363" classname="au.wow.WLPmain.WeeklyTradingStatement.WeeklyTradingStatementZone"/>
  <testcase name="WagesColumnValidationNewTable" time="5.786" classname="au.wow.WLPmain.WeeklyTradingStatement.WeeklyTradingStatementZone"/>
  <testcase name="HoursColumnValidation" time="2.178" classname="au.wow.WLPmain.WeeklyTradingStatement.WeeklyTradingStatementZone"/>
  <testcase name="WagePercentageColumnValidationNewTable" time="54.849" classname="au.wow.WLPmain.WeeklyTradingStatement.WeeklyTradingStatementZone"/>
  <testcase name="SalesColumnValidation" time="102.694" classname="au.wow.WLPmain.WeeklyTradingStatement.WeeklyTradingStatementZone"/>
  <testcase name="SalesColumnValidationNewTable" time="63.133" classname="au.wow.WLPmain.WeeklyTradingStatement.WeeklyTradingStatementZone"/>
  <testcase name="CustomersColumnValidation" time="3.566" classname="au.wow.WLPmain.WeeklyTradingStatement.WeeklyTradingStatementZone"/>
</testsuite> <!-- au.wow.WLPmain.WeeklyTradingStatement.WeeklyTradingStatementZone -->
