<?xml version="1.0" encoding="UTF-8"?>
<!-- Generated by org.testng.reporters.JUnitReportReporter -->
<testsuite hostname="NCDWIN7PXD15324" name="au.wow.WLPmain.WeeklyTradingStatement.WeeklyTradingStatementStore" tests="12" failures="0" timestamp="6 Nov 2019 12:23:05 GMT" time="109.497" errors="0">
  <testcase name="WagePercentageColumnValidationNewTable" time="3.128" classname="au.wow.WLPmain.WeeklyTradingStatement.WeeklyTradingStatementStore"/>
  <testcase name="ItemsColumnValidation" time="6.736" classname="au.wow.WLPmain.WeeklyTradingStatement.WeeklyTradingStatementStore"/>
  <testcase name="WagesColumnValidation" time="19.551" classname="au.wow.WLPmain.WeeklyTradingStatement.WeeklyTradingStatementStore"/>
  <testcase name="CustomersColumnValidation" time="8.960" classname="au.wow.WLPmain.WeeklyTradingStatement.WeeklyTradingStatementStore"/>
  <testcase name="LogoutCLRApplication" time="0.383" classname="au.wow.WLPmain.WeeklyTradingStatement.WeeklyTradingStatementStore"/>
  <testcase name="LogintoCLRApplication" time="3.727" classname="au.wow.WLPmain.WeeklyTradingStatement.WeeklyTradingStatementStore"/>
  <testcase name="SalesColumnValidation" time="38.283" classname="au.wow.WLPmain.WeeklyTradingStatement.WeeklyTradingStatementStore"/>
  <testcase name="SalesColumnValidationNewTable" time="5.342" classname="au.wow.WLPmain.WeeklyTradingStatement.WeeklyTradingStatementStore"/>
  <testcase name="WagesColumnValidationNewTable" time="3.888" classname="au.wow.WLPmain.WeeklyTradingStatement.WeeklyTradingStatementStore"/>
  <testcase name="CPHColumnValidationNewTable" time="1.596" classname="au.wow.WLPmain.WeeklyTradingStatement.WeeklyTradingStatementStore"/>
  <testcase name="HoursColumnValidation" time="15.181" classname="au.wow.WLPmain.WeeklyTradingStatement.WeeklyTradingStatementStore"/>
  <testcase name="ORColumnValidationNewTable" time="2.722" classname="au.wow.WLPmain.WeeklyTradingStatement.WeeklyTradingStatementStore"/>
</testsuite> <!-- au.wow.WLPmain.WeeklyTradingStatement.WeeklyTradingStatementStore -->
