<?xml version="1.0" encoding="UTF-8"?>
<!-- Generated by org.testng.reporters.JUnitReportReporter -->
<testsuite hostname="NCDWIN7PXD05111" name="au.wow.WLPmain.tests.WeeklyPlanning_GroupManagerApprovalTest" tests="3" failures="0" timestamp="26 Nov 2019 15:24:13 GMT" time="162.705" errors="0">
  <testcase name="LogintoCLRApplication" time="12.567" classname="au.wow.WLPmain.tests.WeeklyPlanning_GroupManagerApprovalTest"/>
  <testcase name="LogoutCLRApplication" time="0.600" classname="au.wow.WLPmain.tests.WeeklyPlanning_GroupManagerApprovalTest"/>
  <testcase name="GroupManagerApproval" time="149.538" classname="au.wow.WLPmain.tests.WeeklyPlanning_GroupManagerApprovalTest"/>
</testsuite> <!-- au.wow.WLPmain.tests.WeeklyPlanning_GroupManagerApprovalTest -->
