<?xml version="1.0" encoding="UTF-8"?>
<!-- Generated by org.testng.reporters.JUnitReportReporter -->
<testsuite hostname="NCDWIN7PXD05111" name="au.wow.WLPmain.tests.WeeklyPlanning_ZoneManagerApprovalTest" tests="3" failures="0" timestamp="5 Dec 2019 12:00:41 GMT" time="13.249" errors="0">
  <testcase name="GroupManagerApproval" time="8.729" classname="au.wow.WLPmain.tests.WeeklyPlanning_ZoneManagerApprovalTest"/>
  <testcase name="LogintoCLRApplication" time="3.977" classname="au.wow.WLPmain.tests.WeeklyPlanning_ZoneManagerApprovalTest"/>
  <testcase name="LogoutCLRApplication" time="0.543" classname="au.wow.WLPmain.tests.WeeklyPlanning_ZoneManagerApprovalTest"/>
</testsuite> <!-- au.wow.WLPmain.tests.WeeklyPlanning_ZoneManagerApprovalTest -->
