<?xml version="1.0" encoding="UTF-8"?>
<!-- Generated by org.testng.reporters.JUnitReportReporter -->
<testsuite hostname="NCDWIN7PXD15324" name="au.wow.WLPmain.WeeklyTradingStatement.WeeklyTradingStatementStore" tests="3" failures="0" timestamp="13 Nov 2019 06:13:14 GMT" time="17.932" errors="0">
  <testcase name="LogoutCLRApplication" time="0.621" classname="au.wow.WLPmain.WeeklyTradingStatement.WeeklyTradingStatementStore"/>
  <testcase name="SalesColumnValidation" time="13.667" classname="au.wow.WLPmain.WeeklyTradingStatement.WeeklyTradingStatementStore"/>
  <testcase name="LogintoCLRApplication" time="3.644" classname="au.wow.WLPmain.WeeklyTradingStatement.WeeklyTradingStatementStore"/>
</testsuite> <!-- au.wow.WLPmain.WeeklyTradingStatement.WeeklyTradingStatementStore -->
