<?xml version="1.0" encoding="UTF-8"?>
<!-- Generated by org.testng.reporters.JUnitReportReporter -->
<testsuite hostname="NCDWIN7PXD05111" name="au.wow.WLPmain.tests.WeeklyPlanning_GroupManagerApprovalTest" tests="3" failures="0" timestamp="4 Dec 2019 10:21:43 GMT" time="17.506" errors="0">
  <testcase name="LogintoCLRApplication" time="3.827" classname="au.wow.WLPmain.tests.WeeklyPlanning_GroupManagerApprovalTest"/>
  <testcase name="GroupManagerApproval" time="13.365" classname="au.wow.WLPmain.tests.WeeklyPlanning_GroupManagerApprovalTest"/>
  <testcase name="LogoutCLRApplication" time="0.314" classname="au.wow.WLPmain.tests.WeeklyPlanning_GroupManagerApprovalTest"/>
</testsuite> <!-- au.wow.WLPmain.tests.WeeklyPlanning_GroupManagerApprovalTest -->
