<?xml version="1.0" encoding="UTF-8"?>
<!-- Generated by org.testng.reporters.JUnitReportReporter -->
<testsuite hostname="NCDWIN7PXD15324" name="au.wow.WLPmain.WeeklyTradingStatement.WeeklyTradingStatementGroup" tests="3" failures="0" timestamp="12 Nov 2019 12:29:48 GMT" time="22.432" errors="0">
  <testcase name="LogintoCLRApplication" time="5.304" classname="au.wow.WLPmain.WeeklyTradingStatement.WeeklyTradingStatementGroup"/>
  <testcase name="LogoutCLRApplication" time="0.663" classname="au.wow.WLPmain.WeeklyTradingStatement.WeeklyTradingStatementGroup"/>
  <testcase name="SalesColumnValidation" time="16.465" classname="au.wow.WLPmain.WeeklyTradingStatement.WeeklyTradingStatementGroup"/>
</testsuite> <!-- au.wow.WLPmain.WeeklyTradingStatement.WeeklyTradingStatementGroup -->
